📘 Docs Structure Scan — Mi 29 Okt 2025 09:40:56 CET
================================

docs
├── ANALYSIS_KASPA_STABLECOINS.bak.214014
├── ANALYSIS_KASPA_STABLECOINS.bak.214501
├── ANALYSIS_KASPA_STABLECOINS.bak.214636
├── ANALYSIS_KASPA_STABLECOINS.md
├── API_SPECS.md
├── ARCHITECTURE.md
├── ARCHITEKTUR.md
├── BOOTSTRAP_QUICKSTART.md
├── BUILD_TOOLING.md
├── CHANGELOG.md
├── CI_GATES.md
├── CI_SECURITY_GATE.md
├── COLLATERAL_REGISTRY.md
├── DEV9_ASSIGNMENT.md
├── DEVELOPER_ONBOARDING.md
├── ERROR_CATALOG.md
├── FAQ.md
├── FEE_ACCRUAL.md
├── GOVERNANCE.md
├── GOVERNANCE_OPS.md
├── GOVERNANCE_PARAM_WRITES.md
├── GUARDIAN_SUNSET_HOOKS.md
├── GUARDIAN_SUNSET_RUNBOOK.md
├── INDEXER_EVENT_NOTES.md
├── INDEXER_SCHEMAS.md
├── INVARIANTS_EXEC_MAP.md
├── INVARIANTS_HARNESS_NOTES.md
├── JSON_VALIDATION.md
├── KASPA_INTEGRATION_NOTES.md
├── MODULE_IDS.md
├── NOTES_ORACLE_MINIMAL.md
├── NOTES_PSM_EXECUTION.md
├── NOTES_PSM_MINIMAL.md
├── NOTES_TOKEN_PERMIT.md
├── NOTES_VAULT_ACCOUNTING.md
├── NOTES_VAULT_MINIMAL.md
├── ORACLE_ADAPTERS.md
├── ORACLE_AGGREGATION_GUARDS.md
├── ORACLE_TEST_GUIDE.md
├── PARAMETER_KEYS.md
├── PARAMETER_REGISTRY.md
├── PARAM_KEYS_CANON.md
├── PARAM_KEYS_CATALOG.md
├── PSM_QUOTE_EXEC_ALIGNMENT.md
├── PSM_QUOTE_MATH.md
├── PSM_QUOTE_SEMANTICS.md
├── PSM_QUOTE_TEST_VECTORS.md
├── PSM_REVERTS.md
├── PSM_SWAP_EXECUTION_PLAN.md
├── PSM_VS_CDP.md
├── README.md
├── ROUNDING_RULES.md
├── SAFETY_GUARDIAN_CHECKLIST.md
├── SAFETY_GUARDS_TESTPLAN.md
├── SAFETY_PAUSE_MATRIX.md
├── SAFETY_RATE_LIMITER.md
├── SAFETY_RATE_LIMITER_TEST_GUIDE.md
├── SDK_EVENT_DECODERS.md
├── SDK_WIRING_GUIDE.md
├── SECURITY_PREAUDIT_README.md
├── STATUS.md
├── THREAT_MODEL.md
├── TOKEN_PAUSE_SEMANTICS.md
├── TOKEN_PERMIT_SPEC.md
├── TOKEN_PERMIT_TEST_GUIDE.md
├── VAULT_ACCOUNTING.md
├── VAULT_ACCOUNTING_EDGE_CASES.md
├── VAULT_ACCOUNTING_PLAN.md
├── VAULT_TEST_GUIDE.md
├── converter
│   ├── AUTOCONVERTER_ROUTER.bak.222310
│   └── AUTOCONVERTER_ROUTER.md
├── dapp
│   ├── README.md
│   └── ROUTES.md
├── index.md
├── indexer
│   ├── INDEXING_TELEMETRY.bak.222310
│   └── INDEXING_TELEMETRY.md
├── integrations
│   └── DEX_INTEGRATION.md
├── logs
│   ├── docs_structure_scan.log
│   └── project.md
├── scripts
│   └── scan_docs.sh
├── sections
├── specs
│   ├── COLLATERAL_VAULT_SPEC.md
│   ├── ORACLE_AGGREGATOR_SPEC.md
│   ├── PROOF_OF_RESERVES_SPEC.md
│   ├── PSM_SPEC.md
│   ├── SAFETY_AUTOMATA_SPEC.md
│   ├── TOKEN_SPEC.md
│   └── TREASURY_FEE_ROUTING.md
├── testing
│   ├── FORMAL_INVARIANTS_MAP.md
│   ├── SECURITY_ANALYSIS.md
│   └── TESTPLAN.md
└── whitepaper
    ├── WHITEPAPER_1kUSD_DE.md
    └── WHITEPAPER_1kUSD_EN.md

11 directories, 92 files
