[INIT] 1kUSD repo scaffold created (README, LICENSE stub, docs stubs, CI skeleton, structure) — ($(date -u +"%Y-%m-%dT%H:%M:%SZ"))
[DOCS] Repository language switched to EN; whitepaper split into DE & EN placeholders; architecture/API specs stubs updated — (UTC: 2025-10-12T20:00:45Z)
[DOCS] EN repo normalization: resolved README/LICENSE conflicts (ours), created EN docs index, architecture & API specs; split whitepaper placeholders (DE/EN). (UTC: 2025-10-12T20:04:04Z)
[DOCS] DEV1 delivered: Whitepaper DE+EN and CHANGELOG entry. (UTC: 2025-10-12T20:05:56Z)
[GOV] DEV2 delivered: CONTRIBUTING, CODEOWNERS, .editorconfig, SECURITY. (UTC: 2025-10-12T20:12:43Z)
[CI] DEV3 delivered: minimal CI pipeline and reports/README.md. (UTC: 2025-10-12T20:13:38Z)
[IFACE] DEV4 delivered: on-chain events, RPC spec, indexer spec. (UTC: 2025-10-12T20:18:50Z)
[SPEC] DEV5 delivered: PSM spec and protocol invariants. (UTC: 2025-10-12T20:20:26Z)
[SAFETY] DEV6 delivered: Safety-Automata spec and Governance hooks. (UTC: 2025-10-12T20:22:14Z)
[VAULT] DEV7 delivered: CollateralVault spec and Proof-of-Reserves spec. (UTC: 2025-10-12T20:24:02Z)
[ORACLE] DEV8 delivered: OracleAggregator spec and Price Feeds adapter spec. (UTC: 2025-10-12T20:25:11Z)
[CONVERT] DEV9 delivered: AutoConverter and Routing Adapters specs. (UTC: '"$(date -u +"%Y-%m-%dT%H:%M:%SZ")"')
[GOV-TREASURY] DEV10 delivered: DAO/Timelock, Treasury, Parameter Registry specs. (UTC: '"$(date -u +"%Y-%m-%dT%H:%M:%SZ")"')
[SDK] DEV11 delivered: TS/Go/Rust/Python SDK specs + common errors, event decoding, tx flows. (UTC: '"$(date -u +"%Y-%m-%dT%H:%M:%SZ")"')
[APP] DEV12 delivered: Reference dApp/Explorer specs (UX flows, API contracts, A11y/i18n). (UTC: '"$(date -u +"%Y-%m-%dT%H:%M:%SZ")"')
[TEST] DEV13 delivered: test plan, invariants map, security analysis, CI schema & expanded workflow. (UTC: '"$(date -u +"%Y-%m-%dT%H:%M:%SZ")"')
[PSM] DEV14 delivered: PSM spec and shared rate-limits spec. (UTC: '"$(date -u +"%Y-%m-%dT%H:%M:%SZ")"')
[TOKEN] DEV15 delivered: Token + Access-Control specs. (UTC: '"$(date -u +"%Y-%m-%dT%H:%M:%SZ")"')
[OPS] DEV16 delivered: deployment/environments specs, release process, secrets handling, emergency playbooks. (UTC: '"$(date -u +"%Y-%m-%dT%H:%M:%SZ")"')
[INDEXER] DEV17 delivered: entity model, ingestion/reorg strategy, API spec, storage schema. (UTC: '"$(date -u +"%Y-%m-%dT%H:%M:%SZ")"')
[SECURITY] DEV18 delivered: threat model, risk register, attack trees, mitigations map. (UTC: '"$(date -u +"%Y-%m-%dT%H:%M:%SZ")"')
[TELEMETRY] DEV19 delivered: metrics, alerts/SLOs, health endpoints specs. (UTC: '"$(date -u +"%Y-%m-%dT%H:%M:%SZ")"')
[INTEGRATIONS] DEV20 delivered: wallets/payments, bridges/CEX listings, partner APIs adapters. (UTC: '"$(date -u +"%Y-%m-%dT%H:%M:%SZ")"')
[PERF] DEV21 delivered: gas policy, fee accounting, and rounding rules specs. (UTC: '"$(date -u +"%Y-%m-%dT%H:%M:%SZ")"')
[BRIDGING] DEV22 delivered: roadmap, bridge options, compat layer + cutover protocol. (UTC: '"$(date -u +"%Y-%m-%dT%H:%M:%SZ")"')
[LEGAL] DEV23 delivered: informational legal stance, jurisdictions checklist, user disclosures. (UTC: '"$(date -u +"%Y-%m-%dT%H:%M:%SZ")"')
[DAPP] DEV24 delivered: minimal swap UI spec, components wiring, status/health mapping. (UTC: '"$(date -u +"%Y-%m-%dT%H:%M:%SZ")"')
